This file contains any messages produced by compilers while
running configure, to aid debugging if configure makes a mistake.

It was created by configure, which was
generated by GNU Autoconf 2.69.  Invocation command line was

  $ ./configure 

## --------- ##
## Platform. ##
## --------- ##

hostname = chuao
uname -m = armv7l
uname -r = 5.10.103-v7+
uname -s = Linux
uname -v = #1529 SMP Tue Mar 8 12:21:37 GMT 2022

/usr/bin/uname -p = unknown
/bin/uname -X     = unknown

/bin/arch              = armv7l
/usr/bin/arch -k       = unknown
/usr/convex/getsysinfo = unknown
/usr/bin/hostinfo      = unknown
/bin/machine           = unknown
/usr/bin/oslevel       = unknown
/bin/universe          = unknown

PATH: /usr/local/sbin
PATH: /usr/local/bin
PATH: /usr/sbin
PATH: /usr/bin
PATH: /sbin
PATH: /bin
PATH: /usr/local/games
PATH: /usr/games


## ----------- ##
## Core tests. ##
## ----------- ##

configure:2040: checking for gcc
configure:2056: found /usr/bin/gcc
configure:2067: result: gcc
configure:2296: checking for C compiler version
configure:2305: gcc --version >&5
gcc (Raspbian 8.3.0-6+rpi1) 8.3.0
Copyright (C) 2018 Free Software Foundation, Inc.
This is free software; see the source for copying conditions.  There is NO
warranty; not even for MERCHANTABILITY or FITNESS FOR A PARTICULAR PURPOSE.

configure:2316: $? = 0
configure:2305: gcc -v >&5
Using built-in specs.
COLLECT_GCC=gcc
COLLECT_LTO_WRAPPER=/usr/lib/gcc/arm-linux-gnueabihf/8/lto-wrapper
Target: arm-linux-gnueabihf
Configured with: ../src/configure -v --with-pkgversion='Raspbian 8.3.0-6+rpi1' --with-bugurl=file:///usr/share/doc/gcc-8/README.Bugs --enable-languages=c,ada,c++,go,d,fortran,objc,obj-c++ --prefix=/usr --with-gcc-major-version-only --program-suffix=-8 --program-prefix=arm-linux-gnueabihf- --enable-shared --enable-linker-build-id --libexecdir=/usr/lib --without-included-gettext --enable-threads=posix --libdir=/usr/lib --enable-nls --enable-bootstrap --enable-clocale=gnu --enable-libstdcxx-debug --enable-libstdcxx-time=yes --with-default-libstdcxx-abi=new --enable-gnu-unique-object --disable-libitm --disable-libquadmath --disable-libquadmath-support --enable-plugin --with-system-zlib --with-target-system-zlib --enable-objc-gc=auto --enable-multiarch --disable-sjlj-exceptions --with-arch=armv6 --with-fpu=vfp --with-float=hard --disable-werror --enable-checking=release --build=arm-linux-gnueabihf --host=arm-linux-gnueabihf --target=arm-linux-gnueabihf
Thread model: posix
gcc version 8.3.0 (Raspbian 8.3.0-6+rpi1) 
configure:2316: $? = 0
configure:2305: gcc -V >&5
gcc: error: unrecognized command line option '-V'
gcc: fatal error: no input files
compilation terminated.
configure:2316: $? = 1
configure:2305: gcc -qversion >&5
gcc: error: unrecognized command line option '-qversion'; did you mean '--version'?
gcc: fatal error: no input files
compilation terminated.
configure:2316: $? = 1
configure:2336: checking whether the C compiler works
configure:2358: gcc    conftest.c  >&5
configure:2362: $? = 0
configure:2410: result: yes
configure:2413: checking for C compiler default output file name
configure:2415: result: a.out
configure:2421: checking for suffix of executables
configure:2428: gcc -o conftest    conftest.c  >&5
configure:2432: $? = 0
configure:2454: result: 
configure:2476: checking whether we are cross compiling
configure:2484: gcc -o conftest    conftest.c  >&5
configure:2488: $? = 0
configure:2495: ./conftest
configure:2499: $? = 0
configure:2487: result: no
configure:2492: checking for suffix of object files
configure:2514: gcc -c   conftest.c >&5
configure:2518: $? = 0
configure:2539: result: o
configure:2543: checking whether we are using the GNU C compiler
configure:2562: gcc -c   conftest.c >&5
configure:2562: $? = 0
configure:2571: result: yes
configure:2580: checking whether gcc accepts -g
configure:2600: gcc -c -g  conftest.c >&5
configure:2600: $? = 0
configure:2641: result: yes
configure:2658: checking for gcc option to accept ISO C89
configure:2721: gcc  -c -g -O2  conftest.c >&5
configure:2721: $? = 0
configure:2734: result: none needed
configure:2797: checking for a BSD-compatible install
configure:2865: result: /usr/bin/install -c
configure:2884: checking how to run the C preprocessor
configure:2915: gcc -E  conftest.c
configure:2915: $? = 0
configure:2929: gcc -E  conftest.c
conftest.c:11:10: fatal error: ac_nonexistent.h: No such file or directory
 #include <ac_nonexistent.h>
          ^~~~~~~~~~~~~~~~~~
compilation terminated.
configure:2929: $? = 1
configure: failed program was:
| /* confdefs.h */
| #define PACKAGE_NAME ""
| #define PACKAGE_TARNAME ""
| #define PACKAGE_VERSION ""
| #define PACKAGE_STRING ""
| #define PACKAGE_BUGREPORT ""
| #define PACKAGE_URL ""
| #define PRODUCT "fbshow"
| #define VERSION "2.0"
| /* end confdefs.h.  */
| #include <ac_nonexistent.h>
configure:2954: result: gcc -E
configure:2974: gcc -E  conftest.c
configure:2974: $? = 0
configure:2988: gcc -E  conftest.c
conftest.c:11:10: fatal error: ac_nonexistent.h: No such file or directory
 #include <ac_nonexistent.h>
          ^~~~~~~~~~~~~~~~~~
compilation terminated.
configure:2988: $? = 1
configure: failed program was:
| /* confdefs.h */
| #define PACKAGE_NAME ""
| #define PACKAGE_TARNAME ""
| #define PACKAGE_VERSION ""
| #define PACKAGE_STRING ""
| #define PACKAGE_BUGREPORT ""
| #define PACKAGE_URL ""
| #define PRODUCT "fbshow"
| #define VERSION "2.0"
| /* end confdefs.h.  */
| #include <ac_nonexistent.h>
configure:3017: checking for grep that handles long lines and -e
configure:3075: result: /usr/bin/grep
configure:3080: checking for egrep
configure:3142: result: /usr/bin/grep -E
configure:3147: checking for ANSI C header files
configure:3167: gcc -c -g -O2  conftest.c >&5
configure:3167: $? = 0
configure:3240: gcc -o conftest -g -O2   conftest.c  >&5
configure:3240: $? = 0
configure:3240: ./conftest
configure:3240: $? = 0
configure:3251: result: yes
configure:3264: checking for sys/types.h
configure:3264: gcc -c -g -O2  conftest.c >&5
configure:3264: $? = 0
configure:3264: result: yes
configure:3264: checking for sys/stat.h
configure:3264: gcc -c -g -O2  conftest.c >&5
configure:3264: $? = 0
configure:3264: result: yes
configure:3264: checking for stdlib.h
configure:3264: gcc -c -g -O2  conftest.c >&5
configure:3264: $? = 0
configure:3264: result: yes
configure:3264: checking for string.h
configure:3264: gcc -c -g -O2  conftest.c >&5
configure:3264: $? = 0
configure:3264: result: yes
configure:3264: checking for memory.h
configure:3264: gcc -c -g -O2  conftest.c >&5
configure:3264: $? = 0
configure:3264: result: yes
configure:3264: checking for strings.h
configure:3264: gcc -c -g -O2  conftest.c >&5
configure:3264: $? = 0
configure:3264: result: yes
configure:3264: checking for inttypes.h
configure:3264: gcc -c -g -O2  conftest.c >&5
configure:3264: $? = 0
configure:3264: result: yes
configure:3264: checking for stdint.h
configure:3264: gcc -c -g -O2  conftest.c >&5
configure:3264: $? = 0
configure:3264: result: yes
configure:3264: checking for unistd.h
configure:3264: gcc -c -g -O2  conftest.c >&5
configure:3264: $? = 0
configure:3264: result: yes
configure:3279: checking limits.h usability
configure:3279: gcc -c -g -O2  conftest.c >&5
configure:3279: $? = 0
configure:3279: result: yes
configure:3279: checking limits.h presence
configure:3279: gcc -E  conftest.c
configure:3279: $? = 0
configure:3279: result: yes
configure:3279: checking for limits.h
configure:3279: result: yes
configure:3279: checking for unistd.h
configure:3279: result: yes
configure:3290: checking for an ANSI C-conforming const
configure:3356: gcc -c -g -O2  conftest.c >&5
configure:3356: $? = 0
configure:3363: result: yes
configure:3372: checking return type of signal handlers
configure:3390: gcc -c -g -O2  conftest.c >&5
conftest.c: In function 'main':
conftest.c:29:10: error: void value not ignored as it ought to be
 return *(signal (0, 0)) (0) == 1;
         ~^~~~~~~~~~~~~~~~~~
configure:3390: $? = 1
configure: failed program was:
| /* confdefs.h */
| #define PACKAGE_NAME ""
| #define PACKAGE_TARNAME ""
| #define PACKAGE_VERSION ""
| #define PACKAGE_STRING ""
| #define PACKAGE_BUGREPORT ""
| #define PACKAGE_URL ""
| #define PRODUCT "fbshow"
| #define VERSION "2.0"
| #define STDC_HEADERS 1
| #define HAVE_SYS_TYPES_H 1
| #define HAVE_SYS_STAT_H 1
| #define HAVE_STDLIB_H 1
| #define HAVE_STRING_H 1
| #define HAVE_MEMORY_H 1
| #define HAVE_STRINGS_H 1
| #define HAVE_INTTYPES_H 1
| #define HAVE_STDINT_H 1
| #define HAVE_UNISTD_H 1
| #define HAVE_LIMITS_H 1
| #define HAVE_UNISTD_H 1
| /* end confdefs.h.  */
| #include <sys/types.h>
| #include <signal.h>
| 
| int
| main ()
| {
| return *(signal (0, 0)) (0) == 1;
|   ;
|   return 0;
| }
configure:3397: result: void
configure:3516: creating ./config.status

## ---------------------- ##
## Running config.status. ##
## ---------------------- ##

This file was extended by config.status, which was
generated by GNU Autoconf 2.69.  Invocation command line was

  CONFIG_FILES    = 
  CONFIG_HEADERS  = 
  CONFIG_LINKS    = 
  CONFIG_COMMANDS = 
  $ ./config.status 

on chuao

config.status:805: creating Makefile
config.status:805: creating config.h

## ---------------- ##
## Cache variables. ##
## ---------------- ##

ac_cv_c_compiler_gnu=yes
ac_cv_c_const=yes
ac_cv_env_CC_set=
ac_cv_env_CC_value=
ac_cv_env_CFLAGS_set=
ac_cv_env_CFLAGS_value=
ac_cv_env_CPPFLAGS_set=
ac_cv_env_CPPFLAGS_value=
ac_cv_env_CPP_set=
ac_cv_env_CPP_value=
ac_cv_env_LDFLAGS_set=
ac_cv_env_LDFLAGS_value=
ac_cv_env_LIBS_set=
ac_cv_env_LIBS_value=
ac_cv_env_build_alias_set=
ac_cv_env_build_alias_value=
ac_cv_env_host_alias_set=
ac_cv_env_host_alias_value=
ac_cv_env_target_alias_set=
ac_cv_env_target_alias_value=
ac_cv_header_inttypes_h=yes
ac_cv_header_limits_h=yes
ac_cv_header_memory_h=yes
ac_cv_header_stdc=yes
ac_cv_header_stdint_h=yes
ac_cv_header_stdlib_h=yes
ac_cv_header_string_h=yes
ac_cv_header_strings_h=yes
ac_cv_header_sys_stat_h=yes
ac_cv_header_sys_types_h=yes
ac_cv_header_unistd_h=yes
ac_cv_objext=o
ac_cv_path_EGREP='/usr/bin/grep -E'
ac_cv_path_GREP=/usr/bin/grep
ac_cv_path_install='/usr/bin/install -c'
ac_cv_prog_CPP='gcc -E'
ac_cv_prog_ac_ct_CC=gcc
ac_cv_prog_cc_c89=
ac_cv_prog_cc_g=yes
ac_cv_type_signal=void

## ----------------- ##
## Output variables. ##
## ----------------- ##

CC='gcc'
CFLAGS='-g -O2'
CPP='gcc -E'
CPPFLAGS=''
DEFS='-DHAVE_CONFIG_H'
ECHO_C=''
ECHO_N='-n'
ECHO_T=''
EGREP='/usr/bin/grep -E'
EXEEXT=''
GREP='/usr/bin/grep'
INSTALL_DATA='${INSTALL} -m 644'
INSTALL_PROGRAM='${INSTALL}'
INSTALL_SCRIPT='${INSTALL}'
LDFLAGS=''
LIBOBJS=''
LIBS=''
LTLIBOBJS=''
OBJEXT='o'
PACKAGE_BUGREPORT=''
PACKAGE_NAME=''
PACKAGE_STRING=''
PACKAGE_TARNAME=''
PACKAGE_URL=''
PACKAGE_VERSION=''
PATH_SEPARATOR=':'
PRODUCT='fbshow'
SHELL='/bin/bash'
VERSION='2.0'
ac_ct_CC='gcc'
bindir='${exec_prefix}/bin'
build_alias=''
datadir='${datarootdir}'
datarootdir='${prefix}/share'
docdir='${datarootdir}/doc/${PACKAGE}'
dvidir='${docdir}'
exec_prefix='${prefix}'
host_alias=''
htmldir='${docdir}'
includedir='${prefix}/include'
infodir='${datarootdir}/info'
libdir='${exec_prefix}/lib'
libexecdir='${exec_prefix}/libexec'
localedir='${datarootdir}/locale'
localstatedir='${prefix}/var'
mandir='${datarootdir}/man'
oldincludedir='/usr/include'
pdfdir='${docdir}'
prefix='/usr/local'
program_transform_name='s,x,x,'
psdir='${docdir}'
runstatedir='${localstatedir}/run'
sbindir='${exec_prefix}/sbin'
sharedstatedir='${prefix}/com'
sysconfdir='${prefix}/etc'
target_alias=''

## ----------- ##
## confdefs.h. ##
## ----------- ##

/* confdefs.h */
#define PACKAGE_NAME ""
#define PACKAGE_TARNAME ""
#define PACKAGE_VERSION ""
#define PACKAGE_STRING ""
#define PACKAGE_BUGREPORT ""
#define PACKAGE_URL ""
#define PRODUCT "fbshow"
#define VERSION "2.0"
#define STDC_HEADERS 1
#define HAVE_SYS_TYPES_H 1
#define HAVE_SYS_STAT_H 1
#define HAVE_STDLIB_H 1
#define HAVE_STRING_H 1
#define HAVE_MEMORY_H 1
#define HAVE_STRINGS_H 1
#define HAVE_INTTYPES_H 1
#define HAVE_STDINT_H 1
#define HAVE_UNISTD_H 1
#define HAVE_LIMITS_H 1
#define HAVE_UNISTD_H 1
#define RETSIGTYPE void

configure: exit 0
